<?xml version="1.0" encoding="UTF-8"?>
<!-- Generated by org.testng.reporters.JUnitReportReporter -->
<testsuite hostname="LAPTOP-3F9KQQT0" name="org.test.Testng" tests="2" failures="0" timestamp="6 Apr 2023 11:30:24 GMT" time="111.493" errors="0">
  <testcase name="browserTest" time="65.976" classname="org.test.Testng"/>
  <testcase name="browserTest2" time="45.517" classname="org.test.Testng"/>
</testsuite> <!-- org.test.Testng -->
