<?xml version="1.0" encoding="UTF-8"?>
<!-- Generated by org.testng.reporters.JUnitReportReporter -->
<testsuite hostname="LAPTOP-3F9KQQT0" name="org.hexa.Class" tests="1" failures="0" timestamp="15 Feb 2023 17:49:29 GMT" time="0.009" errors="0">
  <testcase name="server" time="0.009" classname="org.hexa.Class"/>
</testsuite> <!-- org.hexa.Class -->
