<?xml version="1.0" encoding="UTF-8"?>
<!-- Generated by org.testng.reporters.JUnitReportReporter -->
<testsuite hostname="LAPTOP-3F9KQQT0" name="org.excel.Company" tests="12" failures="0" timestamp="1 Apr 2023 10:19:02 GMT" time="0.010" errors="0">
  <testcase name="creatNewAccount" time="0.000" classname="org.excel.Company"/>
  <testcase name="creatNewAccount" time="0.010" classname="org.excel.Company"/>
  <testcase name="creatNewAccount" time="0.000" classname="org.excel.Company"/>
  <testcase name="creatNewAccount" time="0.000" classname="org.excel.Company"/>
  <testcase name="method" time="0.000" classname="org.excel.Company"/>
  <testcase name="creatNewAccount" time="0.000" classname="org.excel.Company"/>
  <testcase name="creatNewAccount" time="0.000" classname="org.excel.Company"/>
  <testcase name="goodLuck" time="0.000" classname="org.excel.Company"/>
  <testcase name="creatNewAccount" time="0.000" classname="org.excel.Company"/>
  <testcase name="creatNewAccount" time="0.000" classname="org.excel.Company"/>
  <testcase name="creatNewAccount" time="0.000" classname="org.excel.Company"/>
  <testcase name="creatNewAccount" time="0.000" classname="org.excel.Company"/>
</testsuite> <!-- org.excel.Company -->
