<?xml version="1.0" encoding="UTF-8"?>
<!-- Generated by org.testng.reporters.JUnitReportReporter -->
<testsuite hostname="LAPTOP-3F9KQQT0" name="org.excel.Excel" tests="3" failures="0" timestamp="1 Apr 2023 10:16:22 GMT" time="0.011" errors="0">
  <testcase name="login" time="0.011" classname="org.excel.Excel"/>
  <testcase name="errorPage" time="0.000" classname="org.excel.Excel"/>
  <testcase name="signupPage" time="0.000" classname="org.excel.Excel"/>
</testsuite> <!-- org.excel.Excel -->
